[INFO] Scanning for projects...
[INFO] 
[INFO] ------------------------------------------------------------------------
[INFO] Building MvnWithCuc 1-SNAPSHOT
[INFO] ------------------------------------------------------------------------
[INFO] 
[INFO] --- cucumber-jvm-parallel-plugin:1.2.1:generateRunners (generateRunners) @ MvnCuc ---
[INFO] Adding c:\kgruza\workspace\MvnWithCuc\target\generated-test-sources\cucumber to test-compile source root
[INFO] 
[INFO] --- maven-resources-plugin:2.6:resources (default-resources) @ MvnCuc ---
[INFO] Using 'UTF-8' encoding to copy filtered resources.
[INFO] skip non existing resourceDirectory c:\kgruza\workspace\MvnWithCuc\src\main\resources
[INFO] 
[INFO] --- maven-compiler-plugin:3.1:compile (default-compile) @ MvnCuc ---
[INFO] Nothing to compile - all classes are up to date
[INFO] 
[INFO] --- maven-resources-plugin:2.6:testResources (default-testResources) @ MvnCuc ---
[INFO] Using 'UTF-8' encoding to copy filtered resources.
[INFO] skip non existing resourceDirectory c:\kgruza\workspace\MvnWithCuc\src\test\resources
[INFO] 
[INFO] --- maven-compiler-plugin:3.1:testCompile (default-testCompile) @ MvnCuc ---
[INFO] Changes detected - recompiling the module!
[INFO] Compiling 7 source files to c:\kgruza\workspace\MvnWithCuc\target\test-classes
[INFO] 
[INFO] --- maven-surefire-plugin:2.19:test (default-test) @ MvnCuc ---

-------------------------------------------------------
 T E S T S
-------------------------------------------------------
Running tests.MvnCuc.AutoCorrectAT
Running tests.MvnCuc.RunTestAT
true
true
trueon Chrome
trueon Chrome

2 Scenarios (2 passed)
8 Steps (8 passed)
0m33,184s


2 Scenarios (2 passed)
8 Steps (8 passed)
0m33,131s

Tests run: 10, Failures: 0, Errors: 0, Skipped: 0, Time elapsed: 33.948 sec - in tests.MvnCuc.AutoCorrectAT
Tests run: 10, Failures: 0, Errors: 0, Skipped: 0, Time elapsed: 33.933 sec - in tests.MvnCuc.RunTestAT

Results :

Tests run: 20, Failures: 0, Errors: 0, Skipped: 0

[INFO] ------------------------------------------------------------------------
[INFO] BUILD SUCCESS
[INFO] ------------------------------------------------------------------------
[INFO] Total time: 37.648 s
[INFO] Finished at: 2017-07-21T15:38:02+02:00
[INFO] Final Memory: 20M/170M
[INFO] ------------------------------------------------------------------------
